android/build/intermediates/manifest_merge_blame_file/debug/manifest-merger-blame-debug-report.txt
1<?xml version="1.0" encoding="utf-8"?>
2<manifest xmlns:android="http://schemas.android.com/apk/res/android"
3    package="tech.pablobls.plugins.wallpaper.capacitorpluginwallpaper"
4    android:versionCode="1"
5    android:versionName="1.0" >
6
7    <uses-sdk
8        android:minSdkVersion="21"
8-->src/main/AndroidManifest.xml
9        android:targetSdkVersion="29" />
9-->src/main/AndroidManifest.xml
10
11    <uses-permission android:name="android.permission.SET_WALLPAPER" />
11-->src/main/AndroidManifest.xml:5:7-74
11-->src/main/AndroidManifest.xml:5:24-71
12
13</manifest>